# JRE version: OpenJDK Runtime Environment JBR-17.0.9+7-1087.3-nomod (17.0.9+7) (build 17.0.9+7-b1087.3)
# Java VM: OpenJDK 64-Bit Server VM JBR-17.0.9+7-1087.3-nomod (17.0.9+7-b1087.3, mixed mode, tiered, compressed oops, compressed class ptrs, g1 gc, windows-amd64)
GC Precious Log:
 CPUs: 8 total, 8 available
 Memory: 16272M
 Large Page Support: Disabled
 NUMA Support: Disabled
 Compressed Oops: Enabled (32-bit)
 Heap Region Size: 1M
 Heap Min Capacity: 8M
 Heap Initial Capacity: 256M
 Heap Max Capacity: 2G
 Pre-touch: Disabled
 Parallel Workers: 8
 Concurrent Workers: 2
 Concurrent Refinement Workers: 8
 Periodic GC: Disabled
Heap:
 garbage-first heap   total 478208K, used 296777K [0x0000000080000000, 0x0000000100000000)
  region size 1024K, 145 young (148480K), 2 survivors (2048K)
 Metaspace       used 123790K, committed 124736K, reserved 1179648K
  class space    used 15939K, committed 16384K, reserved 1048576K
GC Heap History (20 events):
Event: 100.833 GC heap before
{Heap before GC invocations=40 (full 0):
 garbage-first heap   total 268288K, used 222551K [0x0000000080000000, 0x0000000100000000)
  region size 1024K, 40 young (40960K), 5 survivors (5120K)
 Metaspace       used 121516K, committed 122304K, reserved 1179648K
  class space    used 15740K, committed 16128K, reserved 1048576K
}
Event: 100.839 GC heap after
{Heap after GC invocations=41 (full 0):
 garbage-first heap   total 268288K, used 186230K [0x0000000080000000, 0x0000000100000000)
  region size 1024K, 4 young (4096K), 4 survivors (4096K)
 Metaspace       used 121516K, committed 122304K, reserved 1179648K
  class space    used 15740K, committed 16128K, reserved 1048576K
}
Event: 102.235 GC heap before
{Heap before GC invocations=41 (full 0):
 garbage-first heap   total 268288K, used 222070K [0x0000000080000000, 0x0000000100000000)
  region size 1024K, 40 young (40960K), 4 survivors (4096K)
 Metaspace       used 122581K, committed 123392K, reserved 1179648K
  class space    used 15866K, committed 16256K, reserved 1048576K
}
Event: 102.246 GC heap after
{Heap after GC invocations=42 (full 0):
 garbage-first heap   total 268288K, used 189802K [0x0000000080000000, 0x0000000100000000)
  region size 1024K, 5 young (5120K), 5 survivors (5120K)
 Metaspace       used 122581K, committed 123392K, reserved 1179648K
  class space    used 15866K, committed 16256K, reserved 1048576K
}
Event: 102.815 GC heap before
{Heap before GC invocations=42 (full 0):
 garbage-first heap   total 268288K, used 231786K [0x0000000080000000, 0x0000000100000000)
  region size 1024K, 30 young (30720K), 5 survivors (5120K)
 Metaspace       used 122674K, committed 123520K, reserved 1179648K
  class space    used 15870K, committed 16256K, reserved 1048576K
}
Event: 102.820 GC heap after
{Heap after GC invocations=43 (full 0):
 garbage-first heap   total 268288K, used 204446K [0x0000000080000000, 0x0000000100000000)
  region size 1024K, 2 young (2048K), 2 survivors (2048K)
 Metaspace       used 122674K, committed 123520K, reserved 1179648K
  class space    used 15870K, committed 16256K, reserved 1048576K
}
Event: 396.542 GC heap before
{Heap before GC invocations=44 (full 0):
 garbage-first heap   total 309248K, used 205470K [0x0000000080000000, 0x0000000100000000)
  region size 1024K, 26 young (26624K), 2 survivors (2048K)
 Metaspace       used 122878K, committed 123776K, reserved 1179648K
  class space    used 15886K, committed 16320K, reserved 1048576K
}
Event: 396.545 GC heap after
{Heap after GC invocations=45 (full 0):
 garbage-first heap   total 309248K, used 163400K [0x0000000080000000, 0x0000000100000000)
  region size 1024K, 2 young (2048K), 2 survivors (2048K)
 Metaspace       used 122878K, committed 123776K, reserved 1179648K
  class space    used 15886K, committed 16320K, reserved 1048576K
}
Event: 396.675 GC heap before
{Heap before GC invocations=45 (full 0):
 garbage-first heap   total 309248K, used 176712K [0x0000000080000000, 0x0000000100000000)
  region size 1024K, 15 young (15360K), 2 survivors (2048K)
 Metaspace       used 122912K, committed 123776K, reserved 1179648K
  class space    used 15887K, committed 16320K, reserved 1048576K
}
Event: 396.683 GC heap after
{Heap after GC invocations=46 (full 0):
 garbage-first heap   total 309248K, used 136858K [0x0000000080000000, 0x0000000100000000)
  region size 1024K, 2 young (2048K), 2 survivors (2048K)
 Metaspace       used 122912K, committed 123776K, reserved 1179648K
  class space    used 15887K, committed 16320K, reserved 1048576K
}
Event: 396.779 GC heap before
{Heap before GC invocations=46 (full 0):
 garbage-first heap   total 309248K, used 149146K [0x0000000080000000, 0x0000000100000000)
  region size 1024K, 15 young (15360K), 2 survivors (2048K)
 Metaspace       used 123008K, committed 123904K, reserved 1179648K
  class space    used 15891K, committed 16320K, reserved 1048576K
}
Event: 396.785 GC heap after
{Heap after GC invocations=47 (full 0):
 garbage-first heap   total 309248K, used 136861K [0x0000000080000000, 0x0000000100000000)
  region size 1024K, 2 young (2048K), 2 survivors (2048K)
 Metaspace       used 123008K, committed 123904K, reserved 1179648K
  class space    used 15891K, committed 16320K, reserved 1048576K
}
Event: 397.172 GC heap before
{Heap before GC invocations=47 (full 0):
 garbage-first heap   total 309248K, used 180893K [0x0000000080000000, 0x0000000100000000)
  region size 1024K, 46 young (47104K), 2 survivors (2048K)
 Metaspace       used 123182K, committed 124032K, reserved 1179648K
  class space    used 15894K, committed 16320K, reserved 1048576K
}
Event: 397.181 GC heap after
{Heap after GC invocations=48 (full 0):
 garbage-first heap   total 309248K, used 143239K [0x0000000080000000, 0x0000000100000000)
  region size 1024K, 8 young (8192K), 8 survivors (8192K)
 Metaspace       used 123182K, committed 124032K, reserved 1179648K
  class space    used 15894K, committed 16320K, reserved 1048576K
}
Event: 397.738 GC heap before
{Heap before GC invocations=49 (full 0):
 garbage-first heap   total 309248K, used 256903K [0x0000000080000000, 0x0000000100000000)
  region size 1024K, 101 young (103424K), 8 survivors (8192K)
 Metaspace       used 123275K, committed 124160K, reserved 1179648K
  class space    used 15898K, committed 16320K, reserved 1048576K
}
Event: 397.746 GC heap after
{Heap after GC invocations=50 (full 0):
 garbage-first heap   total 309248K, used 145190K [0x0000000080000000, 0x0000000100000000)
  region size 1024K, 11 young (11264K), 11 survivors (11264K)
 Metaspace       used 123275K, committed 124160K, reserved 1179648K
  class space    used 15898K, committed 16320K, reserved 1048576K
}
Event: 397.761 GC heap before
{Heap before GC invocations=50 (full 0):
 garbage-first heap   total 309248K, used 149286K [0x0000000080000000, 0x0000000100000000)
  region size 1024K, 15 young (15360K), 11 survivors (11264K)
 Metaspace       used 123277K, committed 124160K, reserved 1179648K
  class space    used 15898K, committed 16320K, reserved 1048576K
}
Event: 397.771 GC heap after
{Heap after GC invocations=51 (full 0):
 garbage-first heap   total 309248K, used 131808K [0x0000000080000000, 0x0000000100000000)
  region size 1024K, 2 young (2048K), 2 survivors (2048K)
 Metaspace       used 123277K, committed 124160K, reserved 1179648K
  class space    used 15898K, committed 16320K, reserved 1048576K
}
Event: 397.898 GC heap before
{Heap before GC invocations=51 (full 0):
 garbage-first heap   total 309248K, used 148192K [0x0000000080000000, 0x0000000100000000)
  region size 1024K, 19 young (19456K), 2 survivors (2048K)
 Metaspace       used 123330K, committed 124160K, reserved 1179648K
  class space    used 15908K, committed 16320K, reserved 1048576K
}
Event: 397.903 GC heap after
{Heap after GC invocations=52 (full 0):
 garbage-first heap   total 618496K, used 131913K [0x0000000080000000, 0x0000000100000000)
  region size 1024K, 2 young (2048K), 2 survivors (2048K)
 Metaspace       used 123330K, committed 124160K, reserved 1179648K
  class space    used 15908K, committed 16320K, reserved 1048576K
}

