# JRE version: OpenJDK Runtime Environment JBR-17.0.9+7-1087.3-nomod (17.0.9+7) (build 17.0.9+7-b1087.3)
# Java VM: OpenJDK 64-Bit Server VM JBR-17.0.9+7-1087.3-nomod (17.0.9+7-b1087.3, mixed mode, tiered, compressed oops, compressed class ptrs, g1 gc, windows-amd64)
GC Precious Log:
 CPUs: 8 total, 8 available
 Memory: 16272M
 Large Page Support: Disabled
 NUMA Support: Disabled
 Compressed Oops: Enabled (Zero based)
 Heap Region Size: 2M
 Heap Min Capacity: 8M
 Heap Initial Capacity: 256M
 Heap Max Capacity: 4070M
 Pre-touch: Disabled
 Parallel Workers: 8
 Concurrent Workers: 2
 Concurrent Refinement Workers: 8
 Periodic GC: Disabled
Heap:
 garbage-first heap   total 274432K, used 138448K [0x0000000701a00000, 0x0000000800000000)
  region size 2048K, 7 young (14336K), 2 survivors (4096K)
 Metaspace       used 95025K, committed 95360K, reserved 1179648K
  class space    used 10269K, committed 10432K, reserved 1048576K
GC Heap History (20 events):
Event: 18.345 GC heap before
{Heap before GC invocations=16 (full 0):
 garbage-first heap   total 151552K, used 113712K [0x0000000701a00000, 0x0000000800000000)
  region size 2048K, 30 young (61440K), 4 survivors (8192K)
 Metaspace       used 66707K, committed 67072K, reserved 1114112K
  class space    used 7691K, committed 7872K, reserved 1048576K
}
Event: 18.373 GC heap after
{Heap after GC invocations=17 (full 0):
 garbage-first heap   total 151552K, used 67244K [0x0000000701a00000, 0x0000000800000000)
  region size 2048K, 3 young (6144K), 3 survivors (6144K)
 Metaspace       used 66707K, committed 67072K, reserved 1114112K
  class space    used 7691K, committed 7872K, reserved 1048576K
}
Event: 20.144 GC heap before
{Heap before GC invocations=17 (full 0):
 garbage-first heap   total 151552K, used 114348K [0x0000000701a00000, 0x0000000800000000)
  region size 2048K, 27 young (55296K), 3 survivors (6144K)
 Metaspace       used 67901K, committed 68224K, reserved 1114112K
  class space    used 7792K, committed 7936K, reserved 1048576K
}
Event: 20.179 GC heap after
{Heap after GC invocations=18 (full 0):
 garbage-first heap   total 151552K, used 74369K [0x0000000701a00000, 0x0000000800000000)
  region size 2048K, 4 young (8192K), 4 survivors (8192K)
 Metaspace       used 67901K, committed 68224K, reserved 1114112K
  class space    used 7792K, committed 7936K, reserved 1048576K
}
Event: 22.129 GC heap before
{Heap before GC invocations=18 (full 0):
 garbage-first heap   total 151552K, used 117377K [0x0000000701a00000, 0x0000000800000000)
  region size 2048K, 25 young (51200K), 4 survivors (8192K)
 Metaspace       used 68793K, committed 69184K, reserved 1114112K
  class space    used 7822K, committed 8000K, reserved 1048576K
}
Event: 22.205 GC heap after
{Heap after GC invocations=19 (full 0):
 garbage-first heap   total 223232K, used 81954K [0x0000000701a00000, 0x0000000800000000)
  region size 2048K, 4 young (8192K), 4 survivors (8192K)
 Metaspace       used 68793K, committed 69184K, reserved 1114112K
  class space    used 7822K, committed 8000K, reserved 1048576K
}
Event: 24.836 GC heap before
{Heap before GC invocations=19 (full 0):
 garbage-first heap   total 223232K, used 165922K [0x0000000701a00000, 0x0000000800000000)
  region size 2048K, 45 young (92160K), 4 survivors (8192K)
 Metaspace       used 76054K, committed 76416K, reserved 1179648K
  class space    used 8522K, committed 8704K, reserved 1048576K
}
Event: 24.849 GC heap after
{Heap after GC invocations=20 (full 0):
 garbage-first heap   total 223232K, used 88820K [0x0000000701a00000, 0x0000000800000000)
  region size 2048K, 4 young (8192K), 4 survivors (8192K)
 Metaspace       used 76054K, committed 76416K, reserved 1179648K
  class space    used 8522K, committed 8704K, reserved 1048576K
}
Event: 26.962 GC heap before
{Heap before GC invocations=20 (full 0):
 garbage-first heap   total 223232K, used 170740K [0x0000000701a00000, 0x0000000800000000)
  region size 2048K, 44 young (90112K), 4 survivors (8192K)
 Metaspace       used 78801K, committed 79104K, reserved 1179648K
  class space    used 8815K, committed 8960K, reserved 1048576K
}
Event: 26.993 GC heap after
{Heap after GC invocations=21 (full 0):
 garbage-first heap   total 223232K, used 110349K [0x0000000701a00000, 0x0000000800000000)
  region size 2048K, 6 young (12288K), 6 survivors (12288K)
 Metaspace       used 78801K, committed 79104K, reserved 1179648K
  class space    used 8815K, committed 8960K, reserved 1048576K
}
Event: 28.542 GC heap before
{Heap before GC invocations=21 (full 0):
 garbage-first heap   total 223232K, used 169741K [0x0000000701a00000, 0x0000000800000000)
  region size 2048K, 35 young (71680K), 6 survivors (12288K)
 Metaspace       used 82415K, committed 82752K, reserved 1179648K
  class space    used 9183K, committed 9344K, reserved 1048576K
}
Event: 28.574 GC heap after
{Heap after GC invocations=22 (full 0):
 garbage-first heap   total 223232K, used 121884K [0x0000000701a00000, 0x0000000800000000)
  region size 2048K, 5 young (10240K), 5 survivors (10240K)
 Metaspace       used 82415K, committed 82752K, reserved 1179648K
  class space    used 9183K, committed 9344K, reserved 1048576K
}
Event: 29.764 GC heap before
{Heap before GC invocations=22 (full 0):
 garbage-first heap   total 223232K, used 171036K [0x0000000701a00000, 0x0000000800000000)
  region size 2048K, 30 young (61440K), 5 survivors (10240K)
 Metaspace       used 87466K, committed 87872K, reserved 1179648K
  class space    used 9695K, committed 9856K, reserved 1048576K
}
Event: 29.778 GC heap after
{Heap after GC invocations=23 (full 0):
 garbage-first heap   total 223232K, used 129013K [0x0000000701a00000, 0x0000000800000000)
  region size 2048K, 3 young (6144K), 3 survivors (6144K)
 Metaspace       used 87466K, committed 87872K, reserved 1179648K
  class space    used 9695K, committed 9856K, reserved 1048576K
}
Event: 31.836 GC heap before
{Heap before GC invocations=24 (full 0):
 garbage-first heap   total 225280K, used 176117K [0x0000000701a00000, 0x0000000800000000)
  region size 2048K, 27 young (55296K), 3 survivors (6144K)
 Metaspace       used 89820K, committed 90240K, reserved 1179648K
  class space    used 9864K, committed 10048K, reserved 1048576K
}
Event: 31.845 GC heap after
{Heap after GC invocations=25 (full 0):
 garbage-first heap   total 225280K, used 129024K [0x0000000701a00000, 0x0000000800000000)
  region size 2048K, 1 young (2048K), 1 survivors (2048K)
 Metaspace       used 89820K, committed 90240K, reserved 1179648K
  class space    used 9864K, committed 10048K, reserved 1048576K
}
Event: 32.090 GC heap before
{Heap before GC invocations=25 (full 0):
 garbage-first heap   total 225280K, used 137216K [0x0000000701a00000, 0x0000000800000000)
  region size 2048K, 5 young (10240K), 1 survivors (2048K)
 Metaspace       used 89942K, committed 90368K, reserved 1179648K
  class space    used 9864K, committed 10048K, reserved 1048576K
}
Event: 32.099 GC heap after
{Heap after GC invocations=26 (full 0):
 garbage-first heap   total 225280K, used 128171K [0x0000000701a00000, 0x0000000800000000)
  region size 2048K, 1 young (2048K), 1 survivors (2048K)
 Metaspace       used 89942K, committed 90368K, reserved 1179648K
  class space    used 9864K, committed 10048K, reserved 1048576K
}
Event: 33.485 GC heap before
{Heap before GC invocations=26 (full 0):
 garbage-first heap   total 225280K, used 177323K [0x0000000701a00000, 0x0000000800000000)
  region size 2048K, 26 young (53248K), 1 survivors (2048K)
 Metaspace       used 94615K, committed 94976K, reserved 1179648K
  class space    used 10256K, committed 10432K, reserved 1048576K
}
Event: 33.556 GC heap after
{Heap after GC invocations=27 (full 0):
 garbage-first heap   total 274432K, used 130256K [0x0000000701a00000, 0x0000000800000000)
  region size 2048K, 2 young (4096K), 2 survivors (4096K)
 Metaspace       used 94615K, committed 94976K, reserved 1179648K
  class space    used 10256K, committed 10432K, reserved 1048576K
}

